<?xml version="1.0" encoding="UTF-8"?>
<!-- Generated by org.testng.reporters.JUnitReportReporter -->
<testsuite hostname="Saharutais-Air.home" name="TestNG.TestEmployeeDetails" tests="2" failures="0" timestamp="13 Mar 2015 07:46:05 GMT" time="0.053" errors="0">
  <testcase name="testCalculateAppriasal" time="0.050" classname="TestNG.TestEmployeeDetails"/>
  <testcase name="testCalculateYearlySalary" time="0.003" classname="TestNG.TestEmployeeDetails"/>
</testsuite> <!-- TestNG.TestEmployeeDetails -->
